<?xml version="1.0" encoding="UTF-8"?>
<!-- Generated by org.testng.reporters.JUnitReportReporter -->
<testsuite skipped="0" hostname="LAPTOP-R70E16ME" name="com.qa.testcases.Login_Test" tests="5" failures="0" timestamp="05 Dec 2019 05:15:36 GMT" time="33.649" errors="0">
  <testcase name="TitleTest" time="4.356" classname="com.qa.testcases.Login_Test"/>
  <testcase name="logoTest" time="7.763" classname="com.qa.testcases.Login_Test"/>
  <testcase name="company_wordTest" time="4.523" classname="com.qa.testcases.Login_Test"/>
  <testcase name="password_placeholderTest" time="5.188" classname="com.qa.testcases.Login_Test"/>
  <testcase name="loginTest" time="11.819" classname="com.qa.testcases.Login_Test"/>
</testsuite> <!-- com.qa.testcases.Login_Test -->
