<?xml version="1.0" encoding="UTF-8"?>
<!-- Generated by org.testng.reporters.JUnitReportReporter -->
<testsuite skipped="0" hostname="LAPTOP-R70E16ME" name="com.qa.testcases.Salespage_Test" tests="1" failures="0" timestamp="05 Dec 2019 04:08:30 GMT" time="13.968" errors="0">
  <testcase name="Enquiry_Reports_Test" time="13.968" classname="com.qa.testcases.Salespage_Test"/>
</testsuite> <!-- com.qa.testcases.Salespage_Test -->
